<?xml version="1.0" encoding="UTF-8"?>
<testsuite xmlns:xsi="http://www.w3.org/2001/XMLSchema-instance" xsi:noNamespaceSchemaLocation="https://maven.apache.org/surefire/maven-surefire-plugin/xsd/surefire-test-report.xsd" name="cn.baron.MyTest" time="0.061" tests="4" errors="0" skipped="0" failures="0">
  <properties>
[...]
</properties>
  <testcase name="findBoyfriend" classname="cn.baron.MyTest" time="0.002"/>
  <testcase name="myTest" classname="cn.baron.MyTest" time="0"/>
  <testcase name="testForeachRemoveOrAdd" classname="cn.baron.MyTest" time="0"/>
  <testcase name="compare" classname="cn.baron.MyTest" time="0"/>
</testsuite>